.\Debug\ExportAQDict.ilk
.\Debug\ExportAQDict.pdb
E:\myjob\TS\logsystem\t2ee\ExportAQDict\.\Debug\ExportAQDict.exe
E:\myjob\TS\logsystem\t2ee\ExportAQDict\.\Debug\ExportAQDict.exe.intermediate.manifest
E:\myjob\TS\logsystem\t2ee\ExportAQDict\Debug\cl.command.1.tlog
E:\myjob\TS\logsystem\t2ee\ExportAQDict\Debug\CL.read.1.tlog
E:\myjob\TS\logsystem\t2ee\ExportAQDict\Debug\CL.write.1.tlog
E:\MYJOB\TS\LOGSYSTEM\T2EE\EXPORTAQDICT\DEBUG\DYNAMIC_LIBRARY.OBJ
E:\myjob\TS\logsystem\t2ee\ExportAQDict\Debug\ExportAQDict.exe.embed.manifest
E:\MYJOB\TS\LOGSYSTEM\T2EE\EXPORTAQDICT\DEBUG\EXPORTAQDICT.EXE.EMBED.MANIFEST.RES
E:\myjob\TS\logsystem\t2ee\ExportAQDict\Debug\ExportAQDict.exe.intermediate.manifest
E:\myjob\TS\logsystem\t2ee\ExportAQDict\Debug\ExportAQDict.ilk
E:\MYJOB\TS\LOGSYSTEM\T2EE\EXPORTAQDICT\DEBUG\EXPORTAQDICT.OBJ
E:\MYJOB\TS\LOGSYSTEM\T2EE\EXPORTAQDICT\DEBUG\EXPORTAQDICT.PCH
E:\myjob\TS\logsystem\t2ee\ExportAQDict\Debug\ExportAQDict.pdb
E:\MYJOB\TS\LOGSYSTEM\T2EE\EXPORTAQDICT\DEBUG\EXPORTAQDICT.RES
E:\myjob\TS\logsystem\t2ee\ExportAQDict\Debug\ExportAQDict.vcxprojResolveAssemblyReference.cache
E:\myjob\TS\logsystem\t2ee\ExportAQDict\Debug\ExportAQDict.write.1.tlog
E:\myjob\TS\logsystem\t2ee\ExportAQDict\Debug\ExportAQDict_manifest.rc
E:\MYJOB\TS\LOGSYSTEM\T2EE\EXPORTAQDICT\DEBUG\EXPORTAQDICTDLG.OBJ
E:\myjob\TS\logsystem\t2ee\ExportAQDict\Debug\link.command.1.tlog
E:\myjob\TS\logsystem\t2ee\ExportAQDict\Debug\link.read.1.tlog
E:\myjob\TS\logsystem\t2ee\ExportAQDict\Debug\link.write.1.tlog
E:\myjob\TS\logsystem\t2ee\ExportAQDict\Debug\link-cvtres.read.1.tlog
E:\myjob\TS\logsystem\t2ee\ExportAQDict\Debug\link-cvtres.write.1.tlog
E:\myjob\TS\logsystem\t2ee\ExportAQDict\Debug\rc.command.1.tlog
E:\myjob\TS\logsystem\t2ee\ExportAQDict\Debug\rc.read.1.tlog
E:\myjob\TS\logsystem\t2ee\ExportAQDict\Debug\rc.write.1.tlog
E:\myjob\TS\logsystem\t2ee\ExportAQDict\Debug\StdAfx.obj
E:\myjob\TS\logsystem\t2ee\ExportAQDict\Debug\vc100.idb
E:\MYJOB\TS\LOGSYSTEM\T2EE\EXPORTAQDICT\DEBUG\VC100.PDB
E:\myjob\TS\logsystem\t2ee\ExportAQDict\Debug\vc60.idb
E:\myjob\TS\logsystem\t2ee\ExportAQDict\Debug\vc60.pdb
